<?xml version="1.0" encoding="UTF-8"?>
<testng-results ignored="0" total="4" passed="3" failed="1" skipped="0">
  <reporter-output>
  </reporter-output>
  <suite started-at="2023-03-03T15:48:42 IST" name="Suite" finished-at="2023-03-03T15:50:40 IST" duration-ms="117578">
    <groups>
    </groups>
    <test started-at="2023-03-03T15:48:42 IST" name="Test" finished-at="2023-03-03T15:50:40 IST" duration-ms="117578">
      <class name="com.tutorialninja.testclasses.RegisterTest">
        <test-method is-config="true" signature="setup()[pri:0, instance:com.tutorialninja.testclasses.RegisterTest@33065d67]" started-at="2023-03-03T15:48:44 IST" name="setup" finished-at="2023-03-03T15:49:34 IST" duration-ms="50689" status="PASS">
          <reporter-output>
          </reporter-output>
        </test-method> <!-- setup -->
        <test-method signature="verifyRegisteringAnAccountWithMandatoryFields()[pri:1, instance:com.tutorialninja.testclasses.RegisterTest@33065d67]" started-at="2023-03-03T15:49:34 IST" name="verifyRegisteringAnAccountWithMandatoryFields" finished-at="2023-03-03T15:49:38 IST" duration-ms="4006" status="PASS">
          <reporter-output>
          </reporter-output>
        </test-method> <!-- verifyRegisteringAnAccountWithMandatoryFields -->
        <test-method is-config="true" signature="teardoun()[pri:0, instance:com.tutorialninja.testclasses.RegisterTest@33065d67]" started-at="2023-03-03T15:49:38 IST" name="teardoun" finished-at="2023-03-03T15:49:39 IST" duration-ms="736" status="PASS">
          <reporter-output>
          </reporter-output>
        </test-method> <!-- teardoun -->
        <test-method is-config="true" signature="setup()[pri:0, instance:com.tutorialninja.testclasses.RegisterTest@33065d67]" started-at="2023-03-03T15:49:39 IST" name="setup" finished-at="2023-03-03T15:49:58 IST" duration-ms="19141" status="PASS">
          <reporter-output>
          </reporter-output>
        </test-method> <!-- setup -->
        <test-method signature="verifyRegisteringAccountByProvidingAllFields()[pri:2, instance:com.tutorialninja.testclasses.RegisterTest@33065d67]" started-at="2023-03-03T15:49:58 IST" name="verifyRegisteringAccountByProvidingAllFields" finished-at="2023-03-03T15:50:00 IST" duration-ms="1687" status="PASS">
          <reporter-output>
          </reporter-output>
        </test-method> <!-- verifyRegisteringAccountByProvidingAllFields -->
        <test-method is-config="true" signature="teardoun()[pri:0, instance:com.tutorialninja.testclasses.RegisterTest@33065d67]" started-at="2023-03-03T15:50:00 IST" name="teardoun" finished-at="2023-03-03T15:50:00 IST" duration-ms="713" status="PASS">
          <reporter-output>
          </reporter-output>
        </test-method> <!-- teardoun -->
        <test-method is-config="true" signature="setup()[pri:0, instance:com.tutorialninja.testclasses.RegisterTest@33065d67]" started-at="2023-03-03T15:50:00 IST" name="setup" finished-at="2023-03-03T15:50:15 IST" duration-ms="14774" status="PASS">
          <reporter-output>
          </reporter-output>
        </test-method> <!-- setup -->
        <test-method signature="verifyRegisteringAccountWithExistingEmailAddress()[pri:3, instance:com.tutorialninja.testclasses.RegisterTest@33065d67]" started-at="2023-03-03T15:50:15 IST" name="verifyRegisteringAccountWithExistingEmailAddress" finished-at="2023-03-03T15:50:17 IST" duration-ms="1501" status="FAIL">
          <exception class="java.lang.AssertionError">
            <message>
              <![CDATA[Warning message regaring duplicate email address is not displayed expected [true] but found [false]]]>
            </message>
            <full-stacktrace>
              <![CDATA[java.lang.AssertionError: Warning message regaring duplicate email address is not displayed expected [true] but found [false]
at org.testng.Assert.fail(Assert.java:110)
at org.testng.Assert.failNotEquals(Assert.java:1413)
at org.testng.Assert.assertTrue(Assert.java:56)
at com.tutorialninja.testclasses.RegisterTest.verifyRegisteringAccountWithExistingEmailAddress(RegisterTest.java:58)
at java.base/jdk.internal.reflect.NativeMethodAccessorImpl.invoke0(Native Method)
at java.base/jdk.internal.reflect.NativeMethodAccessorImpl.invoke(NativeMethodAccessorImpl.java:77)
at java.base/jdk.internal.reflect.DelegatingMethodAccessorImpl.invoke(DelegatingMethodAccessorImpl.java:43)
at java.base/java.lang.reflect.Method.invoke(Method.java:568)
at org.testng.internal.invokers.MethodInvocationHelper.invokeMethod(MethodInvocationHelper.java:139)
at org.testng.internal.invokers.TestInvoker.invokeMethod(TestInvoker.java:677)
at org.testng.internal.invokers.TestInvoker.invokeTestMethod(TestInvoker.java:221)
at org.testng.internal.invokers.MethodRunner.runInSequence(MethodRunner.java:50)
at org.testng.internal.invokers.TestInvoker$MethodInvocationAgent.invoke(TestInvoker.java:962)
at org.testng.internal.invokers.TestInvoker.invokeTestMethods(TestInvoker.java:194)
at org.testng.internal.invokers.TestMethodWorker.invokeTestMethods(TestMethodWorker.java:148)
at org.testng.internal.invokers.TestMethodWorker.run(TestMethodWorker.java:128)
at java.base/java.util.ArrayList.forEach(ArrayList.java:1511)
at org.testng.TestRunner.privateRun(TestRunner.java:806)
at org.testng.TestRunner.run(TestRunner.java:601)
at org.testng.SuiteRunner.runTest(SuiteRunner.java:433)
at org.testng.SuiteRunner.runSequentially(SuiteRunner.java:427)
at org.testng.SuiteRunner.privateRun(SuiteRunner.java:387)
at org.testng.SuiteRunner.run(SuiteRunner.java:330)
at org.testng.SuiteRunnerWorker.runSuite(SuiteRunnerWorker.java:52)
at org.testng.SuiteRunnerWorker.run(SuiteRunnerWorker.java:95)
at org.testng.TestNG.runSuitesSequentially(TestNG.java:1256)
at org.testng.TestNG.runSuitesLocally(TestNG.java:1176)
at org.testng.TestNG.runSuites(TestNG.java:1099)
at org.testng.TestNG.run(TestNG.java:1067)
at org.testng.remote.AbstractRemoteTestNG.run(AbstractRemoteTestNG.java:115)
at org.testng.remote.RemoteTestNG.initAndRun(RemoteTestNG.java:251)
at org.testng.remote.RemoteTestNG.main(RemoteTestNG.java:77)
]]>
            </full-stacktrace>
          </exception> <!-- java.lang.AssertionError -->
          <reporter-output>
          </reporter-output>
        </test-method> <!-- verifyRegisteringAccountWithExistingEmailAddress -->
        <test-method is-config="true" signature="teardoun()[pri:0, instance:com.tutorialninja.testclasses.RegisterTest@33065d67]" started-at="2023-03-03T15:50:17 IST" name="teardoun" finished-at="2023-03-03T15:50:18 IST" duration-ms="688" status="PASS">
          <reporter-output>
          </reporter-output>
        </test-method> <!-- teardoun -->
        <test-method is-config="true" signature="setup()[pri:0, instance:com.tutorialninja.testclasses.RegisterTest@33065d67]" started-at="2023-03-03T15:50:18 IST" name="setup" finished-at="2023-03-03T15:50:37 IST" duration-ms="19403" status="PASS">
          <reporter-output>
          </reporter-output>
        </test-method> <!-- setup -->
        <test-method signature="verifyRegisteringAccountWithDiffPaswword()[pri:4, instance:com.tutorialninja.testclasses.RegisterTest@33065d67]" started-at="2023-03-03T15:50:37 IST" name="verifyRegisteringAccountWithDiffPaswword" finished-at="2023-03-03T15:50:39 IST" duration-ms="1749" status="PASS">
          <reporter-output>
          </reporter-output>
        </test-method> <!-- verifyRegisteringAccountWithDiffPaswword -->
        <test-method is-config="true" signature="teardoun()[pri:0, instance:com.tutorialninja.testclasses.RegisterTest@33065d67]" started-at="2023-03-03T15:50:39 IST" name="teardoun" finished-at="2023-03-03T15:50:40 IST" duration-ms="702" status="PASS">
          <reporter-output>
          </reporter-output>
        </test-method> <!-- teardoun -->
      </class> <!-- com.tutorialninja.testclasses.RegisterTest -->
    </test> <!-- Test -->
  </suite> <!-- Suite -->
</testng-results>
